<?xml version="1.0" encoding="UTF-8"?>
<!-- Generated by org.testng.reporters.JUnitReportReporter -->
<testsuite hostname="LAPTOP-OOFKDKP4" failures="0" tests="1" name="dropdown.DropdownTest" time="1.763" errors="0" timestamp="2022-11-22T16:32:20 COT" skipped="0">
  <testcase classname="dropdown.DropdownTest" name="testSelectedOption" time="1.763"/>
  <system-out/>
</testsuite> <!-- dropdown.DropdownTest -->
