<?xml version="1.0" encoding="UTF-8"?>
<!-- Generated by org.testng.reporters.JUnitReportReporter -->
<testsuite hostname="LAPTOP-OOFKDKP4" failures="0" tests="3" name="alerts.alertTest" time="2.607" errors="0" timestamp="2022-11-22T16:32:20 COT" skipped="0">
  <testcase classname="alerts.alertTest" name="testSetInputInAlert" time="0.495"/>
  <system-out/>
  <testcase classname="alerts.alertTest" name="testAcceptAlert" time="1.648"/>
  <system-out/>
  <testcase classname="alerts.alertTest" name="testGetTextFromAlert" time="0.464"/>
  <system-out/>
</testsuite> <!-- alerts.alertTest -->
